\BOOKMARK [0][-]{chapter*.7}{List of Tables}{}% 1
\BOOKMARK [0][-]{chapter*.8}{List of Figures}{}% 2
\BOOKMARK [0][-]{section*.9}{Abbreviations}{}% 3
\BOOKMARK [0][-]{chapter.1}{Introduction}{}% 4
\BOOKMARK [1][-]{section.1.1}{Context}{chapter.1}% 5
\BOOKMARK [2][-]{subsection.1.1.1}{Genetic Markers}{section.1.1}% 6
\BOOKMARK [2][-]{subsection.1.1.2}{Type 2 Diabetes and Missing Heritability}{section.1.1}% 7
\BOOKMARK [1][-]{section.1.2}{Motivation}{chapter.1}% 8
\BOOKMARK [1][-]{section.1.3}{Objectives}{chapter.1}% 9
\BOOKMARK [1][-]{section.1.4}{Structure}{chapter.1}% 10
\BOOKMARK [0][-]{chapter.2}{State of the Art}{}% 11
\BOOKMARK [1][-]{section.2.1}{Genome Sequencing}{chapter.2}% 12
\BOOKMARK [1][-]{section.2.2}{Variant Call Format}{chapter.2}% 13
\BOOKMARK [1][-]{section.2.3}{Single Marker and Multi-locus Analysis and Imputation}{chapter.2}% 14
\BOOKMARK [1][-]{section.2.4}{Bayesian Methods}{chapter.2}% 15
\BOOKMARK [1][-]{section.2.5}{Dimensionality Reduction}{chapter.2}% 16
\BOOKMARK [1][-]{section.2.6}{Quality Control and Validation}{chapter.2}% 17
\BOOKMARK [1][-]{section.2.7}{Data Mining and Machine Learning}{chapter.2}% 18
\BOOKMARK [1][-]{section.2.8}{Validation of Machine Learning Methods}{chapter.2}% 19
\BOOKMARK [0][-]{chapter.3}{Data Preparation}{}% 20
\BOOKMARK [1][-]{section.3.1}{Cases and Controls}{chapter.3}% 21
\BOOKMARK [1][-]{section.3.2}{Cases Quality Control}{chapter.3}% 22
\BOOKMARK [1][-]{section.3.3}{Dataset Construction}{chapter.3}% 23
\BOOKMARK [1][-]{section.3.4}{From Variants to Genes}{chapter.3}% 24
\BOOKMARK [0][-]{chapter.4}{Feature Engineering}{}% 25
\BOOKMARK [1][-]{section.4.1}{Genes Pre-Selection}{chapter.4}% 26
\BOOKMARK [1][-]{section.4.2}{Feature Extraction}{chapter.4}% 27
\BOOKMARK [1][-]{section.4.3}{Feature Reduction}{chapter.4}% 28
\BOOKMARK [0][-]{chapter.5}{Classification and Results}{}% 29
\BOOKMARK [1][-]{section.5.1}{Problem Formulation}{chapter.5}% 30
\BOOKMARK [1][-]{section.5.2}{Classifier Optimization}{chapter.5}% 31
\BOOKMARK [1][-]{section.5.3}{Metrics and Results}{chapter.5}% 32
\BOOKMARK [0][-]{chapter.6}{Discussion}{}% 33
\BOOKMARK [1][-]{section.6.1}{Machine Learning in GWAS}{chapter.6}% 34
\BOOKMARK [1][-]{section.6.2}{Model Shortcomings}{chapter.6}% 35
\BOOKMARK [0][-]{chapter.7}{Conclusion}{}% 36
\BOOKMARK [1][-]{section.7.1}{Analysis Pipeline}{chapter.7}% 37
\BOOKMARK [1][-]{section.7.2}{Future Work}{chapter.7}% 38
\BOOKMARK [1][-]{section.7.3}{Personal Note}{chapter.7}% 39
\BOOKMARK [0][-]{chapter*.44}{Bibliography}{}% 40
